<?xml version="1.0" encoding="UTF-8"?>
<!-- Generated by org.testng.reporters.JUnitXMLReporter -->
<testsuite ignored="0" hostname="LP-TZD-0X138218" failures="1" tests="1" name="Login Automation Test" time="14.851" errors="0" timestamp="2026-02-04T14:09:43 IST">
  <testcase classname="com.tests.LoginTest" name="verifyLoginAndTextFromExcel" time="4.294">
    <failure type="java.lang.AssertionError" message="expected [null] but found [You logged into a secure area!]">
      <![CDATA[java.lang.AssertionError: expected [null] but found [You logged into a secure area!]
at com.tests.LoginTest.verifyLoginAndTextFromExcel(LoginTest.java:38)
at java.base/java.util.ArrayList.forEach(ArrayList.java:1596)
... Removed 35 stack frames]]>
    </failure>
  </testcase> <!-- verifyLoginAndTextFromExcel -->
</testsuite> <!-- Login Automation Test -->
